<?xml version="1.0" encoding="UTF-8"?>
<!-- Generated by org.testng.reporters.JUnitReportReporter -->
<testsuite hostname="DEBERWSL41X44Q2" failures="0" tests="1" name="driver_test.DriverTest" time="1.646" errors="0" timestamp="2019-12-29T17:46:11 CET" skipped="0">
  <testcase classname="driver_test.DriverTest" name="testFirst" time="1.646"/>
</testsuite> <!-- driver_test.DriverTest -->
