<?xml version="1.0" encoding="UTF-8"?>
<!-- Generated by org.testng.reporters.JUnitReportReporter -->
<testsuite hostname="DEBERWSL41X44Q2" failures="0" tests="1" name="driver_test.DriverTest" time="2.253" errors="0" timestamp="2019-12-28T21:06:51 CET" skipped="0">
  <testcase classname="driver_test.DriverTest" name="testFirst" time="2.253"/>
</testsuite> <!-- driver_test.DriverTest -->
